<?xml version="1.0" encoding="UTF-8"?>
<!-- Generated by org.testng.reporters.JUnitXMLReporter -->
<testsuite hostname="LAPTOP-3QC3HN03" ignored="0" name="BEAirsIBEV1 Test" tests="2" failures="0" timestamp="20 Mar 2020 04:10:42 GMT" time="109.715" errors="0">
  <testcase name="LoginTestCase1" time="24.482" classname="com.CtechInfoSys.BEAirs.TestCase.LoginPageTCs"/>
  <testcase name="LoginTestCase2" time="62.27" classname="com.CtechInfoSys.BEAirs.TestCase.LoginPageTCs"/>
</testsuite> <!-- BEAirsIBEV1 Test -->
